<?xml version="1.0" encoding="UTF-8"?>
<coverage generated="1491211851953" clover="3.2.0">
  <project timestamp="1491211851953" name="All files">
    <metrics statements="7" coveredstatements="5" conditionals="0" coveredconditionals="0" methods="1" coveredmethods="1" elements="8" coveredelements="6" complexity="0" loc="7" ncloc="7" packages="1" files="2" classes="2">
      <file name="Card.js" path="/Users/Thai/Desktop/REACT/first_react_app/js/Card.js">
        <metrics statements="4" coveredstatements="2" conditionals="0" coveredconditionals="0" methods="0" coveredmethods="0"/>
        <line num="2" count="1" type="stmt"/>
        <line num="4" count="1" type="stmt"/>
        <line num="11" count="0" type="stmt"/>
        <line num="12" count="0" type="stmt"/>
      </file>
      <file name="Search.js" path="/Users/Thai/Desktop/REACT/first_react_app/js/Search.js">
        <metrics statements="3" coveredstatements="3" conditionals="0" coveredconditionals="0" methods="1" coveredmethods="1"/>
        <line num="5" count="1" type="stmt"/>
        <line num="7" count="3" type="stmt"/>
        <line num="11" count="27" type="stmt"/>
      </file>
    </metrics>
  </project>
</coverage>
