{"/Users/Thai/Desktop/REACT/first_react_app/js/Card.js": {"path":"/Users/Thai/Desktop/REACT/first_react_app/js/Card.js","statementMap":{"0":{"start":{"line":2,"column":27},"end":{"line":2,"column":42}},"1":{"start":{"line":4,"column":13},"end":{"line":19,"column":2}},"2":{"start":{"line":11,"column":31},"end":{"line":11,"column":41}},"3":{"start":{"line":12,"column":4},"end":{"line":17,"column":13}}},"fnMap":{},"branchMap":{},"s":{"0":1,"1":1,"2":0,"3":0},"f":{},"b":{},"_coverageSchema":"332fd63041d2c1bcb487cc26dd0d5f7d97098a6c","hash":"051cd3da0119edda63817cb5c72c3e0428c846f5"}
,"/Users/Thai/Desktop/REACT/first_react_app/js/Search.js": {"path":"/Users/Thai/Desktop/REACT/first_react_app/js/Search.js","statementMap":{"0":{"start":{"line":5,"column":15},"end":{"line":15,"column":2}},"1":{"start":{"line":7,"column":4},"end":{"line":13,"column":13}},"2":{"start":{"line":11,"column":10},"end":{"line":11,"column":53}}},"fnMap":{"0":{"name":"(anonymous_0)","decl":{"start":{"line":10,"column":25},"end":{"line":10,"column":26}},"loc":{"start":{"line":10,"column":35},"end":{"line":12,"column":9}},"line":10}},"branchMap":{},"s":{"0":1,"1":3,"2":27},"f":{"0":27},"b":{},"_coverageSchema":"332fd63041d2c1bcb487cc26dd0d5f7d97098a6c","hash":"46d1d0c2b5e0373cf6f00437ccb459c07287c9a9"}
}
